Arguments: 
  C:\Program Files\nodejs\node.exe C:\Program Files (x86)\Yarn\bin\yarn.js add lighttpd

PATH: 
  C:\Python311\Scripts\;C:\Python311\;C:\Program Files (x86)\Razer Chroma SDK\bin;C:\Program Files\Razer Chroma SDK\bin;C:\Program Files (x86)\Razer\ChromaBroadcast\bin;C:\Program Files\Razer\ChromaBroadcast\bin;C:\Windows\system32;C:\Windows;C:\Windows\System32\Wbem;C:\Windows\System32\WindowsPowerShell\v1.0\;C:\Windows\System32\OpenSSH\;C:\Program Files (x86)\NVIDIA Corporation\PhysX\Common;C:\Program Files\NVIDIA Corporation\NVIDIA NvDLISR;C:\WINDOWS\system32;C:\WINDOWS;C:\WINDOWS\System32\Wbem;C:\WINDOWS\System32\WindowsPowerShell\v1.0\;C:\WINDOWS\System32\OpenSSH\;C:\ProgramData\chocolatey\bin;C:\Program Files\Git\cmd;C:\WINDOWS\system32\config\systemprofile\AppData\Local\Microsoft\WindowsApps;C:\Program Files (x86)\Yarn\bin\;C:\Program Files\Portugal Identity Card\;%NVM_HOME%;%NVM_SYMLINK%;C:\Users\drete\AppData\Local\Microsoft\WindowsApps;C:\Users\drete\AppData\Local\Programs\Microsoft VS Code\bin;C:\Users\drete\AppData\Local\Yarn\bin;C:\Users\drete\AppData\Roaming\npm;C:\Users\drete\AppData\Roaming\nvm;C:\Program Files\nodejs

Yarn version: 
  1.22.19

Node version: 
  16.8.0

Platform: 
  win32 x64

Trace: 
  Error: https://registry.yarnpkg.com/lighttpd: Not found
      at Request.params.callback [as _callback] (C:\Program Files (x86)\Yarn\lib\cli.js:66145:18)
      at Request.self.callback (C:\Program Files (x86)\Yarn\lib\cli.js:140890:22)
      at Request.emit (node:events:394:28)
      at Request.<anonymous> (C:\Program Files (x86)\Yarn\lib\cli.js:141862:10)
      at Request.emit (node:events:394:28)
      at IncomingMessage.<anonymous> (C:\Program Files (x86)\Yarn\lib\cli.js:141784:12)
      at Object.onceWrapper (node:events:513:28)
      at IncomingMessage.emit (node:events:406:35)
      at endReadableNT (node:internal/streams/readable:1343:12)
      at processTicksAndRejections (node:internal/process/task_queues:83:21)

npm manifest: 
  {
    "name": "alpha-community-main-page",
    "version": "1.0.0",
    "license": "MIT",
    "scripts": {
      "dev": "next",
      "build": "next build",
      "start": "next start",
      "export": "next build && next export"
    },
    "dependencies": {
      "@datocms/cma-client": "^1.1.10",
      "@datocms/cma-client-node": "*",
      "classnames": "2.3.1",
      "date-fns": "^2.28.0",
      "jsdom": "^20.0.1",
      "next": "^12.3.4",
      "react": "^17.0.2",
      "react-datocms": "^3.0.0",
      "react-dom": "^17.0.2",
      "tiny-json-http": "^7.3.1"
    },
    "devDependencies": {
      "@fullhuman/postcss-purgecss": "^4.1.3",
      "@tailwindcss/typography": "^0.5.0",
      "dotenv": "14.3.0",
      "postcss-preset-env": "^7.2.3",
      "tailwindcss": "^3.0.16"
    }
  }

yarn manifest: 
  No manifest

Lockfile: 
  No lockfile
